  gpio.c
  adc.c
  freertos.c
  indicator.c
  spi.c
  tim.c
  usart.c
  stm32f1xx_it.c
  stm32f1xx_hal_msp.c
  stm32f1xx_hal_timebase_tim.c
  main.c
  stm32f1xx_hal.c
  stm32f1xx_hal_adc.c
  stm32f1xx_hal_adc_ex.c
  stm32f1xx_hal_exti.c
  stm32f1xx_hal_uart.c
  stm32f1xx_hal_pwr.c
  stm32f1xx_hal_flash.c
  stm32f1xx_hal_flash_ex.c
  stm32f1xx_hal_spi.c
  stm32f1xx_hal_gpio.c
  croutine.c
  event_groups.c
  list.c
  queue.c
  stream_buffer.c
  tasks.c
  timers.c
  heap_1.c
  port.c
  cmsis_os.c
  stm32f1xx_hal_rcc.c
  stm32f1xx_hal_rcc_ex.c
  stm32f1xx_hal_cortex.c
  stm32f1xx_hal_dma.c
  stm32f1xx_hal_tim.c
  stm32f1xx_hal_tim_ex.c
  stm32f1xx_hal_gpio_ex.c
  Linking VisualGDB/Debug/FreeRTOS...
  ------------------- Memory utilization report -------------------
  Used FLASH: 25KB out of 128KB (19%)
  Used SRAM: 5488 bytes out of 20KB (26%)
